<?xml version="1.0" encoding="UTF-8"?>
<testng-results skipped="0" failed="1" total="2" passed="1">
  <reporter-output>
  </reporter-output>
  <suite name="Default suite" duration-ms="64088" started-at="2019-06-06T19:15:52Z" finished-at="2019-06-06T19:16:56Z">
    <groups>
    </groups>
    <test name="Default test" duration-ms="64088" started-at="2019-06-06T19:15:52Z" finished-at="2019-06-06T19:16:56Z">
      <class name="testSuite.TestScenarios">
        <test-method status="PASS" signature="setUpSuiteDetails()[pri:0, instance:testSuite.TestScenarios@6d4b1c02]" name="setUpSuiteDetails" is-config="true" duration-ms="161" started-at="2019-06-07T00:45:51Z" finished-at="2019-06-07T00:45:52Z">
          <reporter-output>
          </reporter-output>
        </test-method> <!-- setUpSuiteDetails -->
        <test-method status="PASS" signature="beforeTest()[pri:0, instance:testSuite.TestScenarios@6d4b1c02]" name="beforeTest" is-config="true" duration-ms="13178" started-at="2019-06-07T00:45:52Z" finished-at="2019-06-07T00:46:05Z">
          <reporter-output>
          </reporter-output>
        </test-method> <!-- beforeTest -->
        <test-method status="PASS" signature="BeforeClass()[pri:0, instance:testSuite.TestScenarios@6d4b1c02]" name="BeforeClass" is-config="true" duration-ms="1" started-at="2019-06-07T00:46:05Z" finished-at="2019-06-07T00:46:05Z">
          <reporter-output>
          </reporter-output>
        </test-method> <!-- BeforeClass -->
        <test-method status="PASS" signature="beforeMethod(java.lang.reflect.Method)[pri:0, instance:testSuite.TestScenarios@6d4b1c02]" name="beforeMethod" is-config="true" duration-ms="11" started-at="2019-06-07T00:46:05Z" finished-at="2019-06-07T00:46:05Z">
          <params>
            <param index="0">
              <value>
                <![CDATA[public void testSuite.TestScenarios.testCae1() throws java.lang.Exception]]>
              </value>
            </param>
          </params>
          <reporter-output>
          </reporter-output>
        </test-method> <!-- beforeMethod -->
        <test-method status="PASS" signature="testCae1()[pri:0, instance:testSuite.TestScenarios@6d4b1c02]" name="testCae1" duration-ms="9722" started-at="2019-06-07T00:46:05Z" description="verify click and scroll/action actions" finished-at="2019-06-07T00:46:14Z">
          <reporter-output>
          </reporter-output>
        </test-method> <!-- testCae1 -->
        <test-method status="PASS" signature="tearDown(org.testng.ITestResult, java.lang.reflect.Method)[pri:0, instance:testSuite.TestScenarios@6d4b1c02]" name="tearDown" is-config="true" duration-ms="3977" started-at="2019-06-07T00:46:14Z" finished-at="2019-06-07T00:46:18Z">
          <params>
            <param index="0">
              <value>
                <![CDATA[[TestResult name=testCae1 status=SUCCESS method=TestScenarios.testCae1()[pri:0, instance:testSuite.TestScenarios@6d4b1c02] output={null}]]]>
              </value>
            </param>
            <param index="1">
              <value>
                <![CDATA[public void testSuite.TestScenarios.testCae1() throws java.lang.Exception]]>
              </value>
            </param>
          </params>
          <reporter-output>
          </reporter-output>
        </test-method> <!-- tearDown -->
        <test-method status="FAIL" signature="testCase2()[pri:0, instance:testSuite.TestScenarios@6d4b1c02]" name="testCase2" duration-ms="33272" started-at="2019-06-07T00:46:18Z" description="verify click and scroll/action actions" finished-at="2019-06-07T00:46:52Z">
          <exception class="org.openqa.selenium.TimeoutException">
            <message>
              <![CDATA[Expected condition failed: waiting for visibility of element located by By.xpath: //android.widget.TextView[@text='UIDAI'] (tried for 30 second(s) with 500 milliseconds interval)]]>
            </message>
            <full-stacktrace>
              <![CDATA[org.openqa.selenium.TimeoutException: Expected condition failed: waiting for visibility of element located by By.xpath: //android.widget.TextView[@text='UIDAI'] (tried for 30 second(s) with 500 milliseconds interval)
	at org.openqa.selenium.support.ui.WebDriverWait.timeoutException(WebDriverWait.java:95)
	at org.openqa.selenium.support.ui.FluentWait.until(FluentWait.java:272)
	at utils.BaseClass.click(BaseClass.java:177)
	at pageObjects.Locators.sorting(Locators.java:49)
	at testSuite.TestScenarios.testCase2(TestScenarios.java:20)
	at sun.reflect.NativeMethodAccessorImpl.invoke0(Native Method)
	at sun.reflect.NativeMethodAccessorImpl.invoke(NativeMethodAccessorImpl.java:62)
	at sun.reflect.DelegatingMethodAccessorImpl.invoke(DelegatingMethodAccessorImpl.java:43)
	at java.lang.reflect.Method.invoke(Method.java:498)
	at org.testng.internal.MethodInvocationHelper.invokeMethod(MethodInvocationHelper.java:80)
	at org.testng.internal.Invoker.invokeMethod(Invoker.java:714)
	at org.testng.internal.Invoker.invokeTestMethod(Invoker.java:901)
	at org.testng.internal.Invoker.invokeTestMethods(Invoker.java:1231)
	at org.testng.internal.TestMethodWorker.invokeTestMethods(TestMethodWorker.java:127)
	at org.testng.internal.TestMethodWorker.run(TestMethodWorker.java:111)
	at org.testng.TestRunner.privateRun(TestRunner.java:767)
	at org.testng.TestRunner.run(TestRunner.java:617)
	at org.testng.SuiteRunner.runTest(SuiteRunner.java:334)
	at org.testng.SuiteRunner.runSequentially(SuiteRunner.java:329)
	at org.testng.SuiteRunner.privateRun(SuiteRunner.java:291)
	at org.testng.SuiteRunner.run(SuiteRunner.java:240)
	at org.testng.SuiteRunnerWorker.runSuite(SuiteRunnerWorker.java:52)
	at org.testng.SuiteRunnerWorker.run(SuiteRunnerWorker.java:86)
	at org.testng.TestNG.runSuitesSequentially(TestNG.java:1198)
	at org.testng.TestNG.runSuitesLocally(TestNG.java:1123)
	at org.testng.TestNG.run(TestNG.java:1031)
	at org.testng.remote.AbstractRemoteTestNG.run(AbstractRemoteTestNG.java:126)
	at org.testng.remote.RemoteTestNG.initAndRun(RemoteTestNG.java:137)
	at org.testng.remote.RemoteTestNG.main(RemoteTestNG.java:58)
Caused by: org.openqa.selenium.NoSuchElementException: An element could not be located on the page using the given search parameters.
For documentation on this error, please visit: https://www.seleniumhq.org/exceptions/no_such_element.html
Build info: version: '3.141.59', revision: 'e82be7d358', time: '2018-11-14T08:17:03'
System info: host: 'DESKTOP-P5D2VHN', ip: '192.168.33.2', os.name: 'Windows 10', os.arch: 'amd64', os.version: '10.0', java.version: '1.8.0_191'
Driver info: io.appium.java_client.android.AndroidDriver
Capabilities {appActivity: org.telegram.ui.LaunchActivity, appPackage: org.telegram.messenger, autoAcceptAlerts: true, autoGrantPermissions: true, automationName: UiAUtomator2, databaseEnabled: false, desired: {appActivity: org.telegram.ui.LaunchActivity, appPackage: org.telegram.messenger, autoAcceptAlerts: true, autoGrantPermissions: true, automationName: UiAUtomator2, deviceName: Moto, noReset: true, platformName: android, platformVersion: }, deviceApiLevel: 27, deviceManufacturer: Xiaomi, deviceModel: Redmi Note 5 pro, deviceName: e779c277, deviceScreenDensity: 480, deviceScreenSize: 1080x2160, deviceUDID: e779c277, javascriptEnabled: true, locationContextEnabled: false, networkConnectionEnabled: true, noReset: true, pixelRatio: 3, platform: LINUX, platformName: Android, platformVersion: 8.1.0, statBarHeight: 72, takesScreenshot: true, viewportRect: {height: 1958, left: 0, top: 72, width: 1080}, warnings: {}, webStorageEnabled: false}
Session ID: 84566eaa-7b7d-4173-8b2a-0b2dcde5999c
*** Element info: {Using=xpath, value=//android.widget.TextView[@text='UIDAI']}
	at sun.reflect.GeneratedConstructorAccessor13.newInstance(Unknown Source)
	at sun.reflect.DelegatingConstructorAccessorImpl.newInstance(DelegatingConstructorAccessorImpl.java:45)
	at java.lang.reflect.Constructor.newInstance(Constructor.java:423)
	at org.openqa.selenium.remote.http.W3CHttpResponseCodec.createException(W3CHttpResponseCodec.java:187)
	at org.openqa.selenium.remote.http.W3CHttpResponseCodec.decode(W3CHttpResponseCodec.java:122)
	at org.openqa.selenium.remote.http.W3CHttpResponseCodec.decode(W3CHttpResponseCodec.java:49)
	at org.openqa.selenium.remote.HttpCommandExecutor.execute(HttpCommandExecutor.java:158)
	at io.appium.java_client.remote.AppiumCommandExecutor.execute(AppiumCommandExecutor.java:239)
	at org.openqa.selenium.remote.RemoteWebDriver.execute(RemoteWebDriver.java:552)
	at io.appium.java_client.DefaultGenericMobileDriver.execute(DefaultGenericMobileDriver.java:42)
	at io.appium.java_client.AppiumDriver.execute(AppiumDriver.java:1)
	at io.appium.java_client.android.AndroidDriver.execute(AndroidDriver.java:1)
	at org.openqa.selenium.remote.RemoteWebDriver.findElement(RemoteWebDriver.java:323)
	at io.appium.java_client.DefaultGenericMobileDriver.findElement(DefaultGenericMobileDriver.java:62)
	at io.appium.java_client.AppiumDriver.findElement(AppiumDriver.java:1)
	at io.appium.java_client.android.AndroidDriver.findElement(AndroidDriver.java:1)
	at org.openqa.selenium.remote.RemoteWebDriver.findElementByXPath(RemoteWebDriver.java:428)
	at io.appium.java_client.DefaultGenericMobileDriver.findElementByXPath(DefaultGenericMobileDriver.java:152)
	at io.appium.java_client.AppiumDriver.findElementByXPath(AppiumDriver.java:1)
	at io.appium.java_client.android.AndroidDriver.findElementByXPath(AndroidDriver.java:1)
	at org.openqa.selenium.By$ByXPath.findElement(By.java:353)
	at org.openqa.selenium.remote.RemoteWebDriver.findElement(RemoteWebDriver.java:315)
	at io.appium.java_client.DefaultGenericMobileDriver.findElement(DefaultGenericMobileDriver.java:58)
	at io.appium.java_client.AppiumDriver.findElement(AppiumDriver.java:1)
	at io.appium.java_client.android.AndroidDriver.findElement(AndroidDriver.java:1)
	at org.openqa.selenium.support.ui.ExpectedConditions$7.apply(ExpectedConditions.java:205)
	at org.openqa.selenium.support.ui.ExpectedConditions$7.apply(ExpectedConditions.java:201)
	at org.openqa.selenium.support.ui.FluentWait.until(FluentWait.java:249)
	... 27 more
]]>
            </full-stacktrace>
          </exception> <!-- org.openqa.selenium.TimeoutException -->
          <reporter-output>
          </reporter-output>
        </test-method> <!-- testCase2 -->
        <test-method status="PASS" signature="beforeMethod(java.lang.reflect.Method)[pri:0, instance:testSuite.TestScenarios@6d4b1c02]" name="beforeMethod" is-config="true" duration-ms="0" started-at="2019-06-07T00:46:18Z" finished-at="2019-06-07T00:46:18Z">
          <params>
            <param index="0">
              <value>
                <![CDATA[public void testSuite.TestScenarios.testCase2() throws java.lang.Exception]]>
              </value>
            </param>
          </params>
          <reporter-output>
          </reporter-output>
        </test-method> <!-- beforeMethod -->
        <test-method status="PASS" signature="tearDown(org.testng.ITestResult, java.lang.reflect.Method)[pri:0, instance:testSuite.TestScenarios@6d4b1c02]" name="tearDown" is-config="true" duration-ms="3906" started-at="2019-06-07T00:46:52Z" finished-at="2019-06-07T00:46:56Z">
          <params>
            <param index="0">
              <value>
                <![CDATA[[TestResult name=testCase2 status=FAILURE method=TestScenarios.testCase2()[pri:0, instance:testSuite.TestScenarios@6d4b1c02] output={null}]]]>
              </value>
            </param>
            <param index="1">
              <value>
                <![CDATA[public void testSuite.TestScenarios.testCase2() throws java.lang.Exception]]>
              </value>
            </param>
          </params>
          <reporter-output>
          </reporter-output>
        </test-method> <!-- tearDown -->
        <test-method status="PASS" signature="afterSuite()[pri:0, instance:testSuite.TestScenarios@6d4b1c02]" name="afterSuite" is-config="true" duration-ms="1833" started-at="2019-06-07T00:46:56Z" finished-at="2019-06-07T00:46:58Z">
          <reporter-output>
          </reporter-output>
        </test-method> <!-- afterSuite -->
      </class> <!-- testSuite.TestScenarios -->
    </test> <!-- Default test -->
  </suite> <!-- Default suite -->
</testng-results>
